[debug] [2024-05-24T04:31:50.499Z] ----------------------------------------------------------------------
[debug] [2024-05-24T04:31:50.501Z] Command:       C:\Program Files\nodejs\node.exe C:\Users\Barathkumar\AppData\Roaming\npm\node_modules\firebase-tools\lib\bin\firebase.js init hosting
[debug] [2024-05-24T04:31:50.501Z] CLI Version:   13.7.2
[debug] [2024-05-24T04:31:50.501Z] Platform:      win32
[debug] [2024-05-24T04:31:50.502Z] Node Version:  v20.11.0
[debug] [2024-05-24T04:31:50.502Z] Time:          Fri May 24 2024 10:01:50 GMT+0530 (India Standard Time)
[debug] [2024-05-24T04:31:50.502Z] ----------------------------------------------------------------------
[debug] 
[debug] [2024-05-24T04:31:50.506Z] > command requires scopes: ["email","openid","https://www.googleapis.com/auth/cloudplatformprojects.readonly","https://www.googleapis.com/auth/firebase","https://www.googleapis.com/auth/cloud-platform"]
[debug] [2024-05-24T04:31:50.506Z] > authorizing via signed-in user (anthillnetworks@gmail.com)
[info] 
     ######## #### ########  ######## ########     ###     ######  ########
     ##        ##  ##     ## ##       ##     ##  ##   ##  ##       ##
     ######    ##  ########  ######   ########  #########  ######  ######
     ##        ##  ##    ##  ##       ##     ## ##     ##       ## ##
     ##       #### ##     ## ######## ########  ##     ##  ######  ########

You're about to initialize a Firebase project in this directory:

  C:\Users\Barathkumar\nextcode\anthillnetworks

[info] 
=== Project Setup
[info] 
[info] First, let's associate this project directory with a Firebase project.
[info] You can create multiple project aliases by running firebase use --add, 
[info] but for now we'll just set up a default project.
[info] 
[debug] [2024-05-24T04:31:53.207Z] >>> [apiv2][query] GET https://firebase.googleapis.com/v1beta1/projects pageSize=100
[debug] [2024-05-24T04:31:55.242Z] <<< [apiv2][status] GET https://firebase.googleapis.com/v1beta1/projects 200
[debug] [2024-05-24T04:31:55.242Z] <<< [apiv2][body] GET https://firebase.googleapis.com/v1beta1/projects [omitted]
[info] i  Using project anthillnetworks-dced8 (anthillNetworks) 
[info] 
=== Hosting Setup
[debug] [2024-05-24T04:31:56.886Z] >>> [apiv2][query] GET https://firebase.googleapis.com/v1beta1/projects/anthillnetworks-dced8 [none]
[debug] [2024-05-24T04:31:57.480Z] <<< [apiv2][status] GET https://firebase.googleapis.com/v1beta1/projects/anthillnetworks-dced8 200
[debug] [2024-05-24T04:31:57.481Z] <<< [apiv2][body] GET https://firebase.googleapis.com/v1beta1/projects/anthillnetworks-dced8 {"projectId":"anthillnetworks-dced8","projectNumber":"35021166961","displayName":"anthillNetworks","name":"projects/anthillnetworks-dced8","resources":{"hostingSite":"anthillnetworks-dced8","storageBucket":"anthillnetworks-dced8.appspot.com","locationId":"us-central"},"state":"ACTIVE","etag":"1_1026bbd8-12ba-4bf9-aa7d-ffd25efd3a4b"}
[info] 
[info] Your public directory is the folder (relative to your project directory) that
[info] will contain Hosting assets to be uploaded with firebase deploy. If you
[info] have a build process for your assets, use your build's output directory.
[info] 
